2022-10-09 16:24:57,087  INFO [TestNG-test=Test-1] SauceDemo04thjuneBatch:39 - browser is opened
2022-10-09 16:24:59,943  INFO [TestNG-test=Test-1] SauceDemo04thjuneBatch:44 - URL is open
2022-10-09 16:25:00,426  INFO [TestNG-test=Test-1] SauceDemo04thjuneBatch:52 - login functionality complete
2022-10-09 16:25:00,738  INFO [TestNG-test=Test-1] SauceDemo04thjuneBatch:62 - browser is closed
2022-10-09 16:25:00,738  INFO [TestNG-test=Test-1] SauceDemo04thjuneBatch:63 - end of Program
2022-10-09 16:27:27,029  INFO [TestNG-test=Test-2] SauceDemo04thjuneBatch:39 - browser is opened
2022-10-09 16:27:29,175  INFO [TestNG-test=Test-1] SauceDemo04thjuneBatch:39 - browser is opened
2022-10-09 16:27:32,970  INFO [TestNG-test=Test-1] SauceDemo04thjuneBatch:44 - URL is open
2022-10-09 16:27:33,092  INFO [TestNG-test=Test-2] SauceDemo04thjuneBatch:44 - URL is open
2022-10-09 16:27:33,779  INFO [TestNG-test=Test-1] SauceDemo04thjuneBatch:52 - login functionality complete
2022-10-09 16:27:33,813  INFO [TestNG-test=Test-2] SauceDemo04thjuneBatch:52 - login functionality complete
2022-10-09 16:27:34,315  INFO [TestNG-test=Test-1] SauceDemo04thjuneBatch:62 - browser is closed
2022-10-09 16:27:34,316  INFO [TestNG-test=Test-1] SauceDemo04thjuneBatch:63 - end of Program
2022-10-09 16:27:34,378  INFO [TestNG-test=Test-2] SauceDemo04thjuneBatch:62 - browser is closed
2022-10-09 16:27:34,378  INFO [TestNG-test=Test-2] SauceDemo04thjuneBatch:63 - end of Program
2022-10-09 16:36:16,084  INFO [TestNG-test=Test-1] SauceDemo04thjuneBatch:39 - browser is opened
2022-10-09 16:36:17,900  INFO [TestNG-test=Test-2] SauceDemo04thjuneBatch:39 - browser is opened
2022-10-09 16:36:21,893  INFO [TestNG-test=Test-1] SauceDemo04thjuneBatch:44 - URL is open
2022-10-09 16:36:21,961  INFO [TestNG-test=Test-2] SauceDemo04thjuneBatch:44 - URL is open
2022-10-09 16:36:22,631  INFO [TestNG-test=Test-1] SauceDemo04thjuneBatch:52 - login functionality complete
2022-10-09 16:36:22,636  INFO [TestNG-test=Test-1] SauceDemo04thjuneBatch:17 - take validation
2022-10-09 16:36:22,659  INFO [TestNG-test=Test-2] SauceDemo04thjuneBatch:52 - login functionality complete
2022-10-09 16:36:23,034  INFO [TestNG-test=Test-1] SauceDemo04thjuneBatch:62 - browser is closed
2022-10-09 16:36:23,035  INFO [TestNG-test=Test-1] SauceDemo04thjuneBatch:63 - end of Program
2022-10-09 16:36:23,119  INFO [TestNG-test=Test-2] SauceDemo04thjuneBatch:62 - browser is closed
2022-10-09 16:36:23,120  INFO [TestNG-test=Test-2] SauceDemo04thjuneBatch:63 - end of Program
2022-10-09 16:37:38,445  INFO [TestNG-test=Test-1] SauceDemo04thjuneBatch:39 - browser is opened
2022-10-09 16:37:40,142  INFO [TestNG-test=Test-2] SauceDemo04thjuneBatch:39 - browser is opened
2022-10-09 16:37:42,206  INFO [TestNG-test=Test-1] SauceDemo04thjuneBatch:44 - URL is open
2022-10-09 16:37:42,830  INFO [TestNG-test=Test-1] SauceDemo04thjuneBatch:52 - login functionality complete
2022-10-09 16:37:42,835  INFO [TestNG-test=Test-1] SauceDemo04thjuneBatch:17 - take validation
2022-10-09 16:37:43,370  INFO [TestNG-test=Test-1] SauceDemo04thjuneBatch:62 - browser is closed
2022-10-09 16:37:43,370  INFO [TestNG-test=Test-1] SauceDemo04thjuneBatch:63 - end of Program
2022-10-09 16:37:44,244  INFO [TestNG-test=Test-2] SauceDemo04thjuneBatch:44 - URL is open
2022-10-09 16:37:44,801  INFO [TestNG-test=Test-2] SauceDemo04thjuneBatch:52 - login functionality complete
2022-10-09 16:37:45,372  INFO [TestNG-test=Test-2] SauceDemo04thjuneBatch:62 - browser is closed
2022-10-09 16:37:45,372  INFO [TestNG-test=Test-2] SauceDemo04thjuneBatch:63 - end of Program
2022-10-09 18:49:22,470  INFO [TestNG-test=sanityTest-2] SauceDemo04thjuneBatch:39 - browser is opened
2022-10-09 18:49:22,469  INFO [TestNG-test=sanityTest-1] SauceDemo04thjuneBatch:39 - browser is opened
2022-10-09 18:49:28,036  INFO [TestNG-test=sanityTest-2] SauceDemo04thjuneBatch:44 - URL is open
2022-10-09 18:49:28,062  INFO [TestNG-test=sanityTest-1] SauceDemo04thjuneBatch:44 - URL is open
2022-10-09 18:49:29,415  INFO [TestNG-test=sanityTest-1] SauceDemo04thjuneBatch:52 - login functionality complete
2022-10-09 18:49:29,416  INFO [TestNG-test=sanityTest-2] SauceDemo04thjuneBatch:52 - login functionality complete
2022-10-09 18:49:29,422  INFO [TestNG-test=sanityTest-1] SauceDemo04thjuneBatch:17 - take validation
2022-10-09 18:49:29,788  INFO [TestNG-test=sanityTest-1] SauceDemo04thjuneBatch:62 - browser is closed
2022-10-09 18:49:29,788  INFO [TestNG-test=sanityTest-1] SauceDemo04thjuneBatch:63 - end of Program
2022-10-09 18:49:30,983  INFO [TestNG-test=sanityTest-2] SauceDemo04thjuneBatch:20 - login functionality complete
2022-10-09 18:49:30,984  INFO [TestNG-test=sanityTest-2] SauceDemo04thjuneBatch:21 - apply the validation
2022-10-09 18:49:31,298  INFO [TestNG-test=sanityTest-2] SauceDemo04thjuneBatch:62 - browser is closed
2022-10-09 18:49:31,299  INFO [TestNG-test=sanityTest-2] SauceDemo04thjuneBatch:63 - end of Program
